<?xml version="1.0" encoding="UTF-8"?>
<!-- Generated by org.testng.reporters.JUnitReportReporter -->
<testsuite hostname="AR-IT11594" failures="0" tests="1" name="web.amazonwebtest.challenge001" time="11.389" errors="0" timestamp="2020-11-05T16:21:37 ART" skipped="0">
  <testcase classname="web.amazonwebtest.challenge001" name="ListOfSearchResults" time="11.389"/>
  <system-out/>
</testsuite> <!-- web.amazonwebtest.challenge001 -->
